App/build/app/outputs/mapping/release/seeds.txt
com.example.test.MainActivity
com.example.test.MainActivity: MainActivity()
...
com.pichillilorenzo.flutter_inappwebview_android.types.DownloadStartRequest: void setContentDisposition(java.lang.String)
io.flutter.embedding.engine.FlutterJNI: void loadLibrary(android.content.Context)
androidx.lifecycle.SavedStateHandlesVM: SavedStateHandlesVM()
com.pichillilorenzo.flutter_inappwebview_android.types.PreferredContentModeOptionType: com.pichillilorenzo.flutter_inappwebview_android.types.PreferredContentModeOptionType fromValue(int)
com.pichillilorenzo.flutter_inappwebview_android.types.URLRequest: byte[] getBody()
androidx.appcompat.widget.ContentFrameLayout: ContentFrameLayout(android.content.Context,android.util.AttributeSet)
com.pichillilorenzo.flutter_inappwebview_android.webview.InAppWebViewInterface: com.pichillilorenzo.flutter_inappwebview_android.in_app_browser.InAppBrowserDelegate getInAppBrowserDelegate()
com.pichillilorenzo.flutter_inappwebview_android.webview.in_app_webview.InAppWebViewClientCompat$2: void defaultBehaviour(java.lang.Object)
com.pichillilorenzo.flutter_inappwebview_android.webview.JavaScriptBridgeInterface: void _hideContextMenu()
androidx.core.content.FileProvider: java.lang.String getTypeAnonymous(android.net.Uri)
androidx.appcompat.widget.AppCompatImageView: android.graphics.PorterDuff$Mode getSupportImageTintMode()
androidx.datastore.preferences.protobuf.ProtoSyntax: androidx.datastore.preferences.protobuf.ProtoSyntax[] values()
io.flutter.embedding.engine.FlutterJNI: java.lang.String[] computePlatformResolvedLocale(java.lang.String[])
com.pichillilorenzo.flutter_inappwebview_android.types.URLCredential: void setProtectionSpaceId(java.lang.Long)
com.pichillilorenzo.flutter_inappwebview_android.credential_database.URLProtectionSpaceDao: java.util.List getAll()
androidx.appcompat.widget.SwitchCompat: void setSplitTrack(boolean)
androidx.core.view.ViewCompat$Api21Impl: androidx.core.view.WindowInsetsCompat getRootWindowInsets(android.view.View)
androidx.appcompat.widget.AppCompatSpinner: void setAdapter(android.widget.Adapter)
com.pichillilorenzo.flutter_inappwebview_android.webview.in_app_webview.InAppWebViewClientCompat$2: void defaultBehaviour(com.pichillilorenzo.flutter_inappwebview_android.types.HttpAuthResponse)
com.pichillilorenzo.flutter_inappwebview_android.types.HttpAuthenticationChallenge: com.pichillilorenzo.flutter_inappwebview_android.types.URLCredential getProposedCredential()
com.pichillilorenzo.flutter_inappwebview_android.types.ClientCertResponse: java.lang.Integer getAction()
com.pichillilorenzo.flutter_inappwebview_android.types.URLProtectionSpace: java.lang.String getRealm()
org.chromium.support_lib_boundary.ProfileBoundaryInterface: void clearPrefetch(java.lang.String,android.webkit.ValueCallback)
org.chromium.support_lib_boundary.WebViewProviderFactoryBoundaryInterface: java.lang.reflect.InvocationHandler getWebkitToCompatConverter()
com.pichillilorenzo.flutter_inappwebview_android.webview.in_app_webview.InAppWebViewClientCompat: void onReceivedHttpError(android.webkit.WebView,android.webkit.WebResourceRequest,android.webkit.WebResourceResponse)
com.pichillilorenzo.flutter_inappwebview_android.types.FindSession: int hashCode()
androidx.appcompat.widget.AppCompatTextView: void setEmojiCompatEnabled(boolean)
com.pichillilorenzo.flutter_inappwebview_android.print_job.PrintJobSettings: java.util.Map getRealSettings(java.lang.Object)
com.pichillilorenzo.flutter_inappwebview_android.webview.in_app_webview.InAppWebViewClientCompat: void access$401(com.pichillilorenzo.flutter_inappwebview_android.webview.in_app_webview.InAppWebViewClientCompat,android.webkit.WebView,android.webkit.SslErrorHandler,android.net.http.SslError)
com.pichillilorenzo.flutter_inappwebview_android.webview.web_message.WebMessageChannel: void onMessage(int,com.pichillilorenzo.flutter_inappwebview_android.types.WebMessageCompatExt)