App/build/app/outputs/mapping/release/usage.txt
com.example.test.R$drawable
com.example.test.R$mipmap
com.example.test.R$style
com.example.test.R
...
com.google.android.gms.location.LocationResult:
    public static com.google.android.gms.location.LocationResult create(java.util.List)
    public static com.google.android.gms.location.LocationResult extractResult(android.content.Intent)
    public static boolean hasResult(android.content.Intent)
com.google.android.gms.location.LocationServices:
    private void <init>()
    public static com.google.android.gms.location.FusedLocationProviderClient getFusedLocationProviderClient(android.app.Activity)
    public static com.google.android.gms.location.FusedOrientationProviderClient getFusedOrientationProviderClient(android.app.Activity)
    public static com.google.android.gms.location.FusedOrientationProviderClient getFusedOrientationProviderClient(android.content.Context)
    public static com.google.android.gms.location.GeofencingClient getGeofencingClient(android.app.Activity)
    public static com.google.android.gms.location.GeofencingClient getGeofencingClient(android.content.Context)
    public static com.google.android.gms.location.SettingsClient getSettingsClient(android.app.Activity)
com.google.android.gms.location.LocationSettingsRequest$Builder:
    public com.google.android.gms.location.LocationSettingsRequest$Builder addAllLocationRequests(java.util.Collection)
    public com.google.android.gms.location.LocationSettingsRequest$Builder setAlwaysShow(boolean)
    public com.google.android.gms.location.LocationSettingsRequest$Builder setNeedBle(boolean)
com.google.android.gms.location.LocationSettingsStates:
    public static com.google.android.gms.location.LocationSettingsStates fromIntent(android.content.Intent)
    public boolean isLocationPresent()
    public boolean isLocationUsable()
com.google.android.gms.location.LocationSettingsStatusCodes
com.google.android.gms.location.LocationStatusCodes
com.google.android.gms.location.Priority
com.google.android.gms.location.R
com.google.android.gms.location.SettingsApi:
    public abstract com.google.android.gms.common.api.PendingResult checkLocationSettings(com.google.android.gms.common.api.GoogleApiClient,com.google.android.gms.location.LocationSettingsRequest)
com.google.android.gms.location.SettingsClient:
    public abstract com.google.android.gms.tasks.Task isGoogleLocationAccuracyEnabled()
com.google.android.gms.location.SleepClassifyEvent
com.google.android.gms.location.SleepSegmentEvent
com.google.android.gms.location.SleepSegmentRequest
com.google.android.gms.location.zza
com.google.android.gms.location.zzac
com.google.android.gms.location.zzad
com.google.android.gms.location.zzae
com.google.android.gms.location.zzao
com.google.android.gms.location.zzap
com.google.android.gms.location.zzaq
com.google.android.gms.location.zzas
com.google.android.gms.location.zzat
com.google.android.gms.location.zzb
com.google.android.gms.location.zzc
com.google.android.gms.location.zzd
com.google.android.gms.location.zze
com.google.android.gms.location.zzf
com.google.android.gms.location.zzg
com.google.android.gms.location.zzh
com.google.android.gms.location.zzi
com.google.android.gms.location.zzj
com.google.android.gms.location.zzk
com.google.android.gms.location.zzl
com.google.android.gms.location.zzm
com.google.android.gms.location.zzn
com.google.android.gms.location.zzp
com.google.android.gms.location.zzr
com.google.android.gms.location.zzs
com.google.android.gms.location.zzt
com.google.android.gms.location.zzu:
    public final void zzd(com.google.android.gms.location.LocationResult)
    public final void zze(com.google.android.gms.location.LocationAvailability)
com.google.android.gms.location.zzx:
    public final void zzd(android.location.Location)
    public final void zze()
com.google.android.gms.location.zzy:
    public void <init>()
    protected final boolean zza(int,android.os.Parcel,android.os.Parcel,int)
com.google.android.gms.location.zzz:
    public abstract void zzd(android.location.Location)
    public abstract void zze()